{"/home/ouma/Development/code/goalkeepers-server/config/db.js": {"path":"/home/ouma/Development/code/goalkeepers-server/config/db.js","statementMap":{"0":{"start":{"line":1,"column":17},"end":{"line":1,"column":30}},"1":{"start":{"line":2,"column":11},"end":{"line":2,"column":24}},"2":{"start":{"line":3,"column":13},"end":{"line":3,"column":28}},"3":{"start":{"line":4,"column":0},"end":{"line":4,"column":27}},"4":{"start":{"line":7,"column":14},"end":{"line":7,"column":99}},"5":{"start":{"line":9,"column":13},"end":{"line":19,"column":2}},"6":{"start":{"line":21,"column":0},"end":{"line":23,"column":3}},"7":{"start":{"line":22,"column":2},"end":{"line":22,"column":50}},"8":{"start":{"line":25,"column":0},"end":{"line":28,"column":3}},"9":{"start":{"line":26,"column":2},"end":{"line":26,"column":62}},"10":{"start":{"line":27,"column":2},"end":{"line":27,"column":19}},"11":{"start":{"line":30,"column":0},"end":{"line":30,"column":22}}},"fnMap":{"0":{"name":"(anonymous_0)","decl":{"start":{"line":21,"column":19},"end":{"line":21,"column":20}},"loc":{"start":{"line":21,"column":25},"end":{"line":23,"column":1}},"line":21},"1":{"name":"(anonymous_1)","decl":{"start":{"line":25,"column":17},"end":{"line":25,"column":18}},"loc":{"start":{"line":25,"column":26},"end":{"line":28,"column":1}},"line":25}},"branchMap":{},"s":{"0":2,"1":2,"2":2,"3":2,"4":2,"5":2,"6":2,"7":0,"8":2,"9":0,"10":0,"11":2},"f":{"0":0,"1":0},"b":{},"_coverageSchema":"1a1c01bbd47fc00a2c39e90264f33305004495a9","hash":"5a4fcb24db4b9c773e4886be3cda6a1fcf483492"}
,"/home/ouma/Development/code/goalkeepers-server/middlewares/role.middleware.js": {"path":"/home/ouma/Development/code/goalkeepers-server/middlewares/role.middleware.js","statementMap":{"0":{"start":{"line":1,"column":19},"end":{"line":1,"column":55}},"1":{"start":{"line":4,"column":2},"end":{"line":19,"column":4}},"2":{"start":{"line":5,"column":4},"end":{"line":7,"column":5}},"3":{"start":{"line":6,"column":6},"end":{"line":6,"column":76}},"4":{"start":{"line":9,"column":25},"end":{"line":9,"column":46}},"5":{"start":{"line":10,"column":4},"end":{"line":12,"column":5}},"6":{"start":{"line":11,"column":6},"end":{"line":11,"column":85}},"7":{"start":{"line":14,"column":4},"end":{"line":16,"column":5}},"8":{"start":{"line":15,"column":6},"end":{"line":15,"column":20}},"9":{"start":{"line":18,"column":4},"end":{"line":18,"column":82}},"10":{"start":{"line":22,"column":0},"end":{"line":22,"column":32}}},"fnMap":{"0":{"name":"allowRoles","decl":{"start":{"line":3,"column":9},"end":{"line":3,"column":19}},"loc":{"start":{"line":3,"column":31},"end":{"line":20,"column":1}},"line":3},"1":{"name":"(anonymous_1)","decl":{"start":{"line":4,"column":9},"end":{"line":4,"column":10}},"loc":{"start":{"line":4,"column":29},"end":{"line":19,"column":3}},"line":4}},"branchMap":{"0":{"loc":{"start":{"line":5,"column":4},"end":{"line":7,"column":5}},"type":"if","locations":[{"start":{"line":5,"column":4},"end":{"line":7,"column":5}},{"start":{},"end":{}}],"line":5},"1":{"loc":{"start":{"line":5,"column":8},"end":{"line":5,"column":35}},"type":"binary-expr","locations":[{"start":{"line":5,"column":8},"end":{"line":5,"column":17}},{"start":{"line":5,"column":21},"end":{"line":5,"column":35}}],"line":5},"2":{"loc":{"start":{"line":10,"column":4},"end":{"line":12,"column":5}},"type":"if","locations":[{"start":{"line":10,"column":4},"end":{"line":12,"column":5}},{"start":{},"end":{}}],"line":10},"3":{"loc":{"start":{"line":14,"column":4},"end":{"line":16,"column":5}},"type":"if","locations":[{"start":{"line":14,"column":4},"end":{"line":16,"column":5}},{"start":{},"end":{}}],"line":14}},"s":{"0":1,"1":6,"2":6,"3":1,"4":5,"5":5,"6":1,"7":4,"8":2,"9":2,"10":1},"f":{"0":6,"1":6},"b":{"0":[1,5],"1":[6,5],"2":[1,4],"3":[2,2]},"_coverageSchema":"1a1c01bbd47fc00a2c39e90264f33305004495a9","hash":"15d95b73cdee6fc9145eba9cf1c1e90947726f11"}
,"/home/ouma/Development/code/goalkeepers-server/models/customer.model.js": {"path":"/home/ouma/Development/code/goalkeepers-server/models/customer.model.js","statementMap":{"0":{"start":{"line":1,"column":11},"end":{"line":1,"column":34}},"1":{"start":{"line":2,"column":15},"end":{"line":2,"column":32}},"2":{"start":{"line":3,"column":12},"end":{"line":3,"column":26}},"3":{"start":{"line":4,"column":35},"end":{"line":4,"column":68}},"4":{"start":{"line":8,"column":4},"end":{"line":8,"column":31}},"5":{"start":{"line":9,"column":4},"end":{"line":9,"column":29}},"6":{"start":{"line":10,"column":4},"end":{"line":10,"column":35}},"7":{"start":{"line":11,"column":4},"end":{"line":11,"column":23}},"8":{"start":{"line":12,"column":4},"end":{"line":12,"column":29}},"9":{"start":{"line":13,"column":4},"end":{"line":13,"column":27}},"10":{"start":{"line":14,"column":4},"end":{"line":14,"column":32}},"11":{"start":{"line":15,"column":4},"end":{"line":15,"column":33}},"12":{"start":{"line":19,"column":4},"end":{"line":33,"column":7}},"13":{"start":{"line":23,"column":8},"end":{"line":25,"column":9}},"14":{"start":{"line":24,"column":10},"end":{"line":24,"column":46}},"15":{"start":{"line":26,"column":8},"end":{"line":26,"column":21}},"16":{"start":{"line":37,"column":22},"end":{"line":37,"column":76}},"17":{"start":{"line":38,"column":4},"end":{"line":38,"column":69}},"18":{"start":{"line":38,"column":15},"end":{"line":38,"column":69}},"19":{"start":{"line":42,"column":4},"end":{"line":42,"column":57}},"20":{"start":{"line":46,"column":4},"end":{"line":46,"column":26}},"21":{"start":{"line":47,"column":4},"end":{"line":47,"column":30}},"22":{"start":{"line":50,"column":24},"end":{"line":50,"column":106}},"23":{"start":{"line":51,"column":4},"end":{"line":53,"column":5}},"24":{"start":{"line":52,"column":6},"end":{"line":52,"column":72}},"25":{"start":{"line":56,"column":4},"end":{"line":61,"column":5}},"26":{"start":{"line":57,"column":26},"end":{"line":57,"column":95}},"27":{"start":{"line":58,"column":6},"end":{"line":60,"column":7}},"28":{"start":{"line":59,"column":8},"end":{"line":59,"column":67}},"29":{"start":{"line":63,"column":18},"end":{"line":75,"column":5}},"30":{"start":{"line":77,"column":19},"end":{"line":86,"column":5}},"31":{"start":{"line":88,"column":4},"end":{"line":97,"column":5}},"32":{"start":{"line":89,"column":21},"end":{"line":89,"column":50}},"33":{"start":{"line":90,"column":6},"end":{"line":90,"column":34}},"34":{"start":{"line":91,"column":6},"end":{"line":91,"column":18}},"35":{"start":{"line":93,"column":6},"end":{"line":95,"column":7}},"36":{"start":{"line":94,"column":8},"end":{"line":94,"column":79}},"37":{"start":{"line":96,"column":6},"end":{"line":96,"column":56}},"38":{"start":{"line":101,"column":39},"end":{"line":101,"column":43}},"39":{"start":{"line":102,"column":4},"end":{"line":102,"column":21}},"40":{"start":{"line":106,"column":4},"end":{"line":106,"column":28}},"41":{"start":{"line":106,"column":16},"end":{"line":106,"column":28}},"42":{"start":{"line":107,"column":39},"end":{"line":107,"column":44}},"43":{"start":{"line":108,"column":4},"end":{"line":108,"column":21}},"44":{"start":{"line":112,"column":19},"end":{"line":112,"column":96}},"45":{"start":{"line":113,"column":4},"end":{"line":113,"column":34}},"46":{"start":{"line":117,"column":4},"end":{"line":117,"column":63}},"47":{"start":{"line":121,"column":19},"end":{"line":124,"column":5}},"48":{"start":{"line":125,"column":4},"end":{"line":125,"column":34}},"49":{"start":{"line":129,"column":19},"end":{"line":131,"column":5}},"50":{"start":{"line":130,"column":6},"end":{"line":130,"column":22}},"51":{"start":{"line":133,"column":22},"end":{"line":133,"column":43}},"52":{"start":{"line":134,"column":4},"end":{"line":134,"column":69}},"53":{"start":{"line":134,"column":15},"end":{"line":134,"column":69}},"54":{"start":{"line":136,"column":26},"end":{"line":142,"column":5}},"55":{"start":{"line":144,"column":20},"end":{"line":144,"column":22}},"56":{"start":{"line":145,"column":19},"end":{"line":145,"column":21}},"57":{"start":{"line":146,"column":16},"end":{"line":146,"column":17}},"58":{"start":{"line":148,"column":4},"end":{"line":160,"column":5}},"59":{"start":{"line":149,"column":6},"end":{"line":159,"column":7}},"60":{"start":{"line":150,"column":8},"end":{"line":157,"column":9}},"61":{"start":{"line":151,"column":25},"end":{"line":151,"column":57}},"62":{"start":{"line":152,"column":10},"end":{"line":152,"column":48}},"63":{"start":{"line":153,"column":10},"end":{"line":153,"column":30}},"64":{"start":{"line":155,"column":10},"end":{"line":155,"column":48}},"65":{"start":{"line":156,"column":10},"end":{"line":156,"column":33}},"66":{"start":{"line":158,"column":8},"end":{"line":158,"column":16}},"67":{"start":{"line":162,"column":4},"end":{"line":164,"column":5}},"68":{"start":{"line":163,"column":6},"end":{"line":163,"column":62}},"69":{"start":{"line":166,"column":4},"end":{"line":166,"column":44}},"70":{"start":{"line":167,"column":4},"end":{"line":167,"column":28}},"71":{"start":{"line":169,"column":18},"end":{"line":171,"column":5}},"72":{"start":{"line":173,"column":4},"end":{"line":173,"column":25}},"73":{"start":{"line":175,"column":4},"end":{"line":183,"column":5}},"74":{"start":{"line":176,"column":21},"end":{"line":176,"column":50}},"75":{"start":{"line":177,"column":6},"end":{"line":179,"column":7}},"76":{"start":{"line":178,"column":8},"end":{"line":178,"column":43}},"77":{"start":{"line":180,"column":6},"end":{"line":180,"column":28}},"78":{"start":{"line":182,"column":6},"end":{"line":182,"column":63}},"79":{"start":{"line":187,"column":0},"end":{"line":187,"column":26}}},"fnMap":{"0":{"name":"(anonymous_0)","decl":{"start":{"line":7,"column":2},"end":{"line":7,"column":3}},"loc":{"start":{"line":7,"column":76},"end":{"line":16,"column":3}},"line":7},"1":{"name":"(anonymous_1)","decl":{"start":{"line":18,"column":2},"end":{"line":18,"column":3}},"loc":{"start":{"line":18,"column":22},"end":{"line":34,"column":3}},"line":18},"2":{"name":"(anonymous_2)","decl":{"start":{"line":22,"column":50},"end":{"line":22,"column":51}},"loc":{"start":{"line":22,"column":70},"end":{"line":27,"column":7}},"line":22},"3":{"name":"(anonymous_3)","decl":{"start":{"line":36,"column":2},"end":{"line":36,"column":3}},"loc":{"start":{"line":36,"column":19},"end":{"line":39,"column":3}},"line":36},"4":{"name":"(anonymous_4)","decl":{"start":{"line":41,"column":2},"end":{"line":41,"column":3}},"loc":{"start":{"line":41,"column":23},"end":{"line":43,"column":3}},"line":41},"5":{"name":"(anonymous_5)","decl":{"start":{"line":45,"column":2},"end":{"line":45,"column":3}},"loc":{"start":{"line":45,"column":15},"end":{"line":98,"column":3}},"line":45},"6":{"name":"(anonymous_6)","decl":{"start":{"line":100,"column":2},"end":{"line":100,"column":3}},"loc":{"start":{"line":100,"column":17},"end":{"line":103,"column":3}},"line":100},"7":{"name":"(anonymous_7)","decl":{"start":{"line":105,"column":2},"end":{"line":105,"column":3}},"loc":{"start":{"line":105,"column":25},"end":{"line":109,"column":3}},"line":105},"8":{"name":"(anonymous_8)","decl":{"start":{"line":111,"column":2},"end":{"line":111,"column":3}},"loc":{"start":{"line":111,"column":46},"end":{"line":114,"column":3}},"line":111},"9":{"name":"(anonymous_9)","decl":{"start":{"line":116,"column":2},"end":{"line":116,"column":3}},"loc":{"start":{"line":116,"column":63},"end":{"line":118,"column":3}},"line":116},"10":{"name":"(anonymous_10)","decl":{"start":{"line":120,"column":2},"end":{"line":120,"column":3}},"loc":{"start":{"line":120,"column":52},"end":{"line":126,"column":3}},"line":120},"11":{"name":"(anonymous_11)","decl":{"start":{"line":128,"column":2},"end":{"line":128,"column":3}},"loc":{"start":{"line":128,"column":41},"end":{"line":184,"column":3}},"line":128},"12":{"name":"(anonymous_12)","decl":{"start":{"line":129,"column":86},"end":{"line":129,"column":87}},"loc":{"start":{"line":130,"column":6},"end":{"line":130,"column":22}},"line":130}},"branchMap":{"0":{"loc":{"start":{"line":7,"column":50},"end":{"line":7,"column":62}},"type":"default-arg","locations":[{"start":{"line":7,"column":58},"end":{"line":7,"column":62}}],"line":7},"1":{"loc":{"start":{"line":23,"column":8},"end":{"line":25,"column":9}},"type":"if","locations":[{"start":{"line":23,"column":8},"end":{"line":25,"column":9}},{"start":{},"end":{}}],"line":23},"2":{"loc":{"start":{"line":38,"column":4},"end":{"line":38,"column":69}},"type":"if","locations":[{"start":{"line":38,"column":4},"end":{"line":38,"column":69}},{"start":{},"end":{}}],"line":38},"3":{"loc":{"start":{"line":51,"column":4},"end":{"line":53,"column":5}},"type":"if","locations":[{"start":{"line":51,"column":4},"end":{"line":53,"column":5}},{"start":{},"end":{}}],"line":51},"4":{"loc":{"start":{"line":56,"column":4},"end":{"line":61,"column":5}},"type":"if","locations":[{"start":{"line":56,"column":4},"end":{"line":61,"column":5}},{"start":{},"end":{}}],"line":56},"5":{"loc":{"start":{"line":58,"column":6},"end":{"line":60,"column":7}},"type":"if","locations":[{"start":{"line":58,"column":6},"end":{"line":60,"column":7}},{"start":{},"end":{}}],"line":58},"6":{"loc":{"start":{"line":93,"column":6},"end":{"line":95,"column":7}},"type":"if","locations":[{"start":{"line":93,"column":6},"end":{"line":95,"column":7}},{"start":{},"end":{}}],"line":93},"7":{"loc":{"start":{"line":106,"column":4},"end":{"line":106,"column":28}},"type":"if","locations":[{"start":{"line":106,"column":4},"end":{"line":106,"column":28}},{"start":{},"end":{}}],"line":106},"8":{"loc":{"start":{"line":113,"column":11},"end":{"line":113,"column":33}},"type":"binary-expr","locations":[{"start":{"line":113,"column":11},"end":{"line":113,"column":25}},{"start":{"line":113,"column":29},"end":{"line":113,"column":33}}],"line":113},"9":{"loc":{"start":{"line":125,"column":11},"end":{"line":125,"column":33}},"type":"binary-expr","locations":[{"start":{"line":125,"column":11},"end":{"line":125,"column":25}},{"start":{"line":125,"column":29},"end":{"line":125,"column":33}}],"line":125},"10":{"loc":{"start":{"line":134,"column":4},"end":{"line":134,"column":69}},"type":"if","locations":[{"start":{"line":134,"column":4},"end":{"line":134,"column":69}},{"start":{},"end":{}}],"line":134},"11":{"loc":{"start":{"line":149,"column":6},"end":{"line":159,"column":7}},"type":"if","locations":[{"start":{"line":149,"column":6},"end":{"line":159,"column":7}},{"start":{},"end":{}}],"line":149},"12":{"loc":{"start":{"line":150,"column":8},"end":{"line":157,"column":9}},"type":"if","locations":[{"start":{"line":150,"column":8},"end":{"line":157,"column":9}},{"start":{"line":154,"column":15},"end":{"line":157,"column":9}}],"line":150},"13":{"loc":{"start":{"line":162,"column":4},"end":{"line":164,"column":5}},"type":"if","locations":[{"start":{"line":162,"column":4},"end":{"line":164,"column":5}},{"start":{},"end":{}}],"line":162},"14":{"loc":{"start":{"line":177,"column":6},"end":{"line":179,"column":7}},"type":"if","locations":[{"start":{"line":177,"column":6},"end":{"line":179,"column":7}},{"start":{},"end":{}}],"line":177}},"s":{"0":1,"1":1,"2":1,"3":1,"4":9,"5":9,"6":9,"7":9,"8":9,"9":9,"10":9,"11":9,"12":15,"13":8,"14":2,"15":6,"16":7,"17":7,"18":2,"19":5,"20":4,"21":4,"22":4,"23":4,"24":1,"25":3,"26":3,"27":3,"28":1,"29":2,"30":2,"31":2,"32":2,"33":1,"34":1,"35":1,"36":1,"37":0,"38":1,"39":1,"40":2,"41":1,"42":1,"43":1,"44":2,"45":2,"46":2,"47":2,"48":2,"49":4,"50":20,"51":4,"52":4,"53":1,"54":3,"55":3,"56":3,"57":3,"58":3,"59":15,"60":4,"61":1,"62":1,"63":1,"64":3,"65":3,"66":4,"67":3,"68":1,"69":2,"70":2,"71":2,"72":2,"73":2,"74":2,"75":2,"76":1,"77":1,"78":1,"79":1},"f":{"0":9,"1":15,"2":8,"3":7,"4":5,"5":4,"6":1,"7":2,"8":2,"9":2,"10":2,"11":4,"12":20},"b":{"0":[1],"1":[2,6],"2":[2,5],"3":[1,3],"4":[3,0],"5":[1,2],"6":[1,0],"7":[1,1],"8":[2,1],"9":[2,1],"10":[1,3],"11":[4,11],"12":[1,3],"13":[1,2],"14":[1,1]},"_coverageSchema":"1a1c01bbd47fc00a2c39e90264f33305004495a9","hash":"79a33c4cc1c4f866993f32cf78a5ac2de0476e61"}
,"/home/ouma/Development/code/goalkeepers-server/models/user.model.js": {"path":"/home/ouma/Development/code/goalkeepers-server/models/user.model.js","statementMap":{"0":{"start":{"line":1,"column":11},"end":{"line":1,"column":34}},"1":{"start":{"line":2,"column":15},"end":{"line":2,"column":32}},"2":{"start":{"line":3,"column":12},"end":{"line":3,"column":26}},"3":{"start":{"line":4,"column":35},"end":{"line":4,"column":68}},"4":{"start":{"line":20,"column":4},"end":{"line":20,"column":31}},"5":{"start":{"line":21,"column":4},"end":{"line":21,"column":35}},"6":{"start":{"line":22,"column":4},"end":{"line":22,"column":29}},"7":{"start":{"line":23,"column":4},"end":{"line":23,"column":35}},"8":{"start":{"line":24,"column":4},"end":{"line":24,"column":57}},"9":{"start":{"line":25,"column":4},"end":{"line":25,"column":21}},"10":{"start":{"line":26,"column":4},"end":{"line":26,"column":33}},"11":{"start":{"line":27,"column":4},"end":{"line":27,"column":35}},"12":{"start":{"line":28,"column":4},"end":{"line":28,"column":23}},"13":{"start":{"line":29,"column":4},"end":{"line":29,"column":29}},"14":{"start":{"line":30,"column":4},"end":{"line":30,"column":25}},"15":{"start":{"line":31,"column":4},"end":{"line":31,"column":32}},"16":{"start":{"line":32,"column":4},"end":{"line":32,"column":33}},"17":{"start":{"line":36,"column":4},"end":{"line":56,"column":7}},"18":{"start":{"line":45,"column":8},"end":{"line":47,"column":9}},"19":{"start":{"line":46,"column":10},"end":{"line":46,"column":46}},"20":{"start":{"line":48,"column":8},"end":{"line":48,"column":21}},"21":{"start":{"line":60,"column":22},"end":{"line":60,"column":72}},"22":{"start":{"line":61,"column":4},"end":{"line":61,"column":69}},"23":{"start":{"line":61,"column":15},"end":{"line":61,"column":69}},"24":{"start":{"line":65,"column":4},"end":{"line":65,"column":57}},"25":{"start":{"line":69,"column":4},"end":{"line":69,"column":26}},"26":{"start":{"line":70,"column":4},"end":{"line":70,"column":30}},"27":{"start":{"line":72,"column":24},"end":{"line":72,"column":92}},"28":{"start":{"line":73,"column":4},"end":{"line":75,"column":5}},"29":{"start":{"line":74,"column":6},"end":{"line":74,"column":64}},"30":{"start":{"line":77,"column":24},"end":{"line":77,"column":105}},"31":{"start":{"line":78,"column":4},"end":{"line":80,"column":5}},"32":{"start":{"line":79,"column":6},"end":{"line":79,"column":71}},"33":{"start":{"line":82,"column":37},"end":{"line":82,"column":143}},"34":{"start":{"line":83,"column":4},"end":{"line":85,"column":5}},"35":{"start":{"line":84,"column":6},"end":{"line":84,"column":86}},"36":{"start":{"line":87,"column":18},"end":{"line":103,"column":5}},"37":{"start":{"line":105,"column":19},"end":{"line":118,"column":5}},"38":{"start":{"line":120,"column":4},"end":{"line":129,"column":5}},"39":{"start":{"line":121,"column":21},"end":{"line":121,"column":50}},"40":{"start":{"line":122,"column":6},"end":{"line":122,"column":34}},"41":{"start":{"line":123,"column":6},"end":{"line":123,"column":18}},"42":{"start":{"line":125,"column":6},"end":{"line":127,"column":7}},"43":{"start":{"line":126,"column":6},"end":{"line":126,"column":77}},"44":{"start":{"line":128,"column":6},"end":{"line":128,"column":56}},"45":{"start":{"line":133,"column":38},"end":{"line":133,"column":42}},"46":{"start":{"line":134,"column":4},"end":{"line":134,"column":20}},"47":{"start":{"line":139,"column":4},"end":{"line":139,"column":27}},"48":{"start":{"line":139,"column":15},"end":{"line":139,"column":27}},"49":{"start":{"line":140,"column":38},"end":{"line":140,"column":42}},"50":{"start":{"line":141,"column":4},"end":{"line":141,"column":20}},"51":{"start":{"line":145,"column":19},"end":{"line":145,"column":82}},"52":{"start":{"line":146,"column":4},"end":{"line":146,"column":34}},"53":{"start":{"line":150,"column":4},"end":{"line":150,"column":63}},"54":{"start":{"line":154,"column":19},"end":{"line":157,"column":5}},"55":{"start":{"line":158,"column":4},"end":{"line":158,"column":34}},"56":{"start":{"line":162,"column":19},"end":{"line":165,"column":5}},"57":{"start":{"line":166,"column":4},"end":{"line":166,"column":34}},"58":{"start":{"line":170,"column":4},"end":{"line":170,"column":63}},"59":{"start":{"line":174,"column":19},"end":{"line":176,"column":5}},"60":{"start":{"line":175,"column":6},"end":{"line":175,"column":22}},"61":{"start":{"line":178,"column":22},"end":{"line":178,"column":43}},"62":{"start":{"line":179,"column":4},"end":{"line":179,"column":69}},"63":{"start":{"line":179,"column":15},"end":{"line":179,"column":69}},"64":{"start":{"line":181,"column":26},"end":{"line":193,"column":5}},"65":{"start":{"line":195,"column":20},"end":{"line":195,"column":22}},"66":{"start":{"line":196,"column":19},"end":{"line":196,"column":21}},"67":{"start":{"line":197,"column":16},"end":{"line":197,"column":17}},"68":{"start":{"line":199,"column":4},"end":{"line":211,"column":5}},"69":{"start":{"line":200,"column":6},"end":{"line":210,"column":7}},"70":{"start":{"line":201,"column":8},"end":{"line":208,"column":9}},"71":{"start":{"line":202,"column":25},"end":{"line":202,"column":57}},"72":{"start":{"line":203,"column":10},"end":{"line":203,"column":48}},"73":{"start":{"line":204,"column":10},"end":{"line":204,"column":30}},"74":{"start":{"line":206,"column":10},"end":{"line":206,"column":48}},"75":{"start":{"line":207,"column":10},"end":{"line":207,"column":33}},"76":{"start":{"line":209,"column":8},"end":{"line":209,"column":16}},"77":{"start":{"line":213,"column":4},"end":{"line":215,"column":5}},"78":{"start":{"line":214,"column":6},"end":{"line":214,"column":62}},"79":{"start":{"line":218,"column":4},"end":{"line":218,"column":44}},"80":{"start":{"line":219,"column":4},"end":{"line":219,"column":28}},"81":{"start":{"line":221,"column":18},"end":{"line":223,"column":5}},"82":{"start":{"line":225,"column":4},"end":{"line":225,"column":24}},"83":{"start":{"line":227,"column":4},"end":{"line":235,"column":5}},"84":{"start":{"line":228,"column":21},"end":{"line":228,"column":50}},"85":{"start":{"line":229,"column":6},"end":{"line":231,"column":7}},"86":{"start":{"line":230,"column":8},"end":{"line":230,"column":42}},"87":{"start":{"line":232,"column":6},"end":{"line":232,"column":28}},"88":{"start":{"line":234,"column":6},"end":{"line":234,"column":63}},"89":{"start":{"line":239,"column":4},"end":{"line":239,"column":63}},"90":{"start":{"line":243,"column":4},"end":{"line":243,"column":64}},"91":{"start":{"line":247,"column":19},"end":{"line":247,"column":80}},"92":{"start":{"line":248,"column":4},"end":{"line":248,"column":34}},"93":{"start":{"line":252,"column":27},"end":{"line":259,"column":5}},"94":{"start":{"line":261,"column":23},"end":{"line":261,"column":25}},"95":{"start":{"line":262,"column":19},"end":{"line":262,"column":21}},"96":{"start":{"line":263,"column":16},"end":{"line":263,"column":17}},"97":{"start":{"line":265,"column":4},"end":{"line":271,"column":5}},"98":{"start":{"line":266,"column":6},"end":{"line":270,"column":7}},"99":{"start":{"line":267,"column":8},"end":{"line":267,"column":53}},"100":{"start":{"line":268,"column":8},"end":{"line":268,"column":41}},"101":{"start":{"line":269,"column":8},"end":{"line":269,"column":16}},"102":{"start":{"line":273,"column":24},"end":{"line":273,"column":84}},"103":{"start":{"line":274,"column":18},"end":{"line":274,"column":79}},"104":{"start":{"line":276,"column":4},"end":{"line":281,"column":5}},"105":{"start":{"line":277,"column":21},"end":{"line":277,"column":50}},"106":{"start":{"line":278,"column":6},"end":{"line":278,"column":25}},"107":{"start":{"line":280,"column":6},"end":{"line":280,"column":62}},"108":{"start":{"line":285,"column":0},"end":{"line":285,"column":22}}},"fnMap":{"0":{"name":"(anonymous_0)","decl":{"start":{"line":7,"column":2},"end":{"line":7,"column":3}},"loc":{"start":{"line":19,"column":5},"end":{"line":33,"column":3}},"line":19},"1":{"name":"(anonymous_1)","decl":{"start":{"line":35,"column":2},"end":{"line":35,"column":3}},"loc":{"start":{"line":35,"column":22},"end":{"line":57,"column":3}},"line":35},"2":{"name":"(anonymous_2)","decl":{"start":{"line":44,"column":50},"end":{"line":44,"column":51}},"loc":{"start":{"line":44,"column":70},"end":{"line":49,"column":7}},"line":44},"3":{"name":"(anonymous_3)","decl":{"start":{"line":59,"column":2},"end":{"line":59,"column":3}},"loc":{"start":{"line":59,"column":19},"end":{"line":62,"column":3}},"line":59},"4":{"name":"(anonymous_4)","decl":{"start":{"line":64,"column":2},"end":{"line":64,"column":3}},"loc":{"start":{"line":64,"column":23},"end":{"line":66,"column":3}},"line":64},"5":{"name":"(anonymous_5)","decl":{"start":{"line":68,"column":2},"end":{"line":68,"column":3}},"loc":{"start":{"line":68,"column":15},"end":{"line":130,"column":3}},"line":68},"6":{"name":"(anonymous_6)","decl":{"start":{"line":132,"column":2},"end":{"line":132,"column":3}},"loc":{"start":{"line":132,"column":17},"end":{"line":135,"column":3}},"line":132},"7":{"name":"(anonymous_7)","decl":{"start":{"line":138,"column":2},"end":{"line":138,"column":3}},"loc":{"start":{"line":138,"column":24},"end":{"line":142,"column":3}},"line":138},"8":{"name":"(anonymous_8)","decl":{"start":{"line":144,"column":2},"end":{"line":144,"column":3}},"loc":{"start":{"line":144,"column":34},"end":{"line":147,"column":3}},"line":144},"9":{"name":"(anonymous_9)","decl":{"start":{"line":149,"column":2},"end":{"line":149,"column":3}},"loc":{"start":{"line":149,"column":63},"end":{"line":151,"column":3}},"line":149},"10":{"name":"(anonymous_10)","decl":{"start":{"line":153,"column":2},"end":{"line":153,"column":3}},"loc":{"start":{"line":153,"column":40},"end":{"line":159,"column":3}},"line":153},"11":{"name":"(anonymous_11)","decl":{"start":{"line":161,"column":2},"end":{"line":161,"column":3}},"loc":{"start":{"line":161,"column":52},"end":{"line":167,"column":3}},"line":161},"12":{"name":"(anonymous_12)","decl":{"start":{"line":169,"column":2},"end":{"line":169,"column":3}},"loc":{"start":{"line":169,"column":63},"end":{"line":171,"column":3}},"line":169},"13":{"name":"(anonymous_13)","decl":{"start":{"line":173,"column":2},"end":{"line":173,"column":3}},"loc":{"start":{"line":173,"column":40},"end":{"line":236,"column":3}},"line":173},"14":{"name":"(anonymous_14)","decl":{"start":{"line":174,"column":78},"end":{"line":174,"column":79}},"loc":{"start":{"line":175,"column":6},"end":{"line":175,"column":22}},"line":175},"15":{"name":"(anonymous_15)","decl":{"start":{"line":238,"column":2},"end":{"line":238,"column":3}},"loc":{"start":{"line":238,"column":39},"end":{"line":240,"column":3}},"line":238},"16":{"name":"(anonymous_16)","decl":{"start":{"line":242,"column":2},"end":{"line":242,"column":3}},"loc":{"start":{"line":242,"column":37},"end":{"line":244,"column":3}},"line":242},"17":{"name":"(anonymous_17)","decl":{"start":{"line":246,"column":2},"end":{"line":246,"column":3}},"loc":{"start":{"line":246,"column":32},"end":{"line":249,"column":3}},"line":246},"18":{"name":"(anonymous_18)","decl":{"start":{"line":251,"column":2},"end":{"line":251,"column":3}},"loc":{"start":{"line":251,"column":37},"end":{"line":282,"column":3}},"line":251}},"branchMap":{"0":{"loc":{"start":{"line":9,"column":4},"end":{"line":9,"column":22}},"type":"default-arg","locations":[{"start":{"line":9,"column":18},"end":{"line":9,"column":22}}],"line":9},"1":{"loc":{"start":{"line":18,"column":4},"end":{"line":18,"column":21}},"type":"default-arg","locations":[{"start":{"line":18,"column":13},"end":{"line":18,"column":21}}],"line":18},"2":{"loc":{"start":{"line":45,"column":8},"end":{"line":47,"column":9}},"type":"if","locations":[{"start":{"line":45,"column":8},"end":{"line":47,"column":9}},{"start":{},"end":{}}],"line":45},"3":{"loc":{"start":{"line":61,"column":4},"end":{"line":61,"column":69}},"type":"if","locations":[{"start":{"line":61,"column":4},"end":{"line":61,"column":69}},{"start":{},"end":{}}],"line":61},"4":{"loc":{"start":{"line":73,"column":4},"end":{"line":75,"column":5}},"type":"if","locations":[{"start":{"line":73,"column":4},"end":{"line":75,"column":5}},{"start":{},"end":{}}],"line":73},"5":{"loc":{"start":{"line":78,"column":4},"end":{"line":80,"column":5}},"type":"if","locations":[{"start":{"line":78,"column":4},"end":{"line":80,"column":5}},{"start":{},"end":{}}],"line":78},"6":{"loc":{"start":{"line":83,"column":4},"end":{"line":85,"column":5}},"type":"if","locations":[{"start":{"line":83,"column":4},"end":{"line":85,"column":5}},{"start":{},"end":{}}],"line":83},"7":{"loc":{"start":{"line":125,"column":6},"end":{"line":127,"column":7}},"type":"if","locations":[{"start":{"line":125,"column":6},"end":{"line":127,"column":7}},{"start":{},"end":{}}],"line":125},"8":{"loc":{"start":{"line":139,"column":4},"end":{"line":139,"column":27}},"type":"if","locations":[{"start":{"line":139,"column":4},"end":{"line":139,"column":27}},{"start":{},"end":{}}],"line":139},"9":{"loc":{"start":{"line":146,"column":11},"end":{"line":146,"column":33}},"type":"binary-expr","locations":[{"start":{"line":146,"column":11},"end":{"line":146,"column":25}},{"start":{"line":146,"column":29},"end":{"line":146,"column":33}}],"line":146},"10":{"loc":{"start":{"line":158,"column":11},"end":{"line":158,"column":33}},"type":"binary-expr","locations":[{"start":{"line":158,"column":11},"end":{"line":158,"column":25}},{"start":{"line":158,"column":29},"end":{"line":158,"column":33}}],"line":158},"11":{"loc":{"start":{"line":166,"column":11},"end":{"line":166,"column":33}},"type":"binary-expr","locations":[{"start":{"line":166,"column":11},"end":{"line":166,"column":25}},{"start":{"line":166,"column":29},"end":{"line":166,"column":33}}],"line":166},"12":{"loc":{"start":{"line":179,"column":4},"end":{"line":179,"column":69}},"type":"if","locations":[{"start":{"line":179,"column":4},"end":{"line":179,"column":69}},{"start":{},"end":{}}],"line":179},"13":{"loc":{"start":{"line":200,"column":6},"end":{"line":210,"column":7}},"type":"if","locations":[{"start":{"line":200,"column":6},"end":{"line":210,"column":7}},{"start":{},"end":{}}],"line":200},"14":{"loc":{"start":{"line":201,"column":8},"end":{"line":208,"column":9}},"type":"if","locations":[{"start":{"line":201,"column":8},"end":{"line":208,"column":9}},{"start":{"line":205,"column":15},"end":{"line":208,"column":9}}],"line":201},"15":{"loc":{"start":{"line":213,"column":4},"end":{"line":215,"column":5}},"type":"if","locations":[{"start":{"line":213,"column":4},"end":{"line":215,"column":5}},{"start":{},"end":{}}],"line":213},"16":{"loc":{"start":{"line":229,"column":6},"end":{"line":231,"column":7}},"type":"if","locations":[{"start":{"line":229,"column":6},"end":{"line":231,"column":7}},{"start":{},"end":{}}],"line":229},"17":{"loc":{"start":{"line":248,"column":11},"end":{"line":248,"column":33}},"type":"binary-expr","locations":[{"start":{"line":248,"column":11},"end":{"line":248,"column":25}},{"start":{"line":248,"column":29},"end":{"line":248,"column":33}}],"line":248},"18":{"loc":{"start":{"line":251,"column":23},"end":{"line":251,"column":35}},"type":"default-arg","locations":[{"start":{"line":251,"column":33},"end":{"line":251,"column":35}}],"line":251},"19":{"loc":{"start":{"line":266,"column":6},"end":{"line":270,"column":7}},"type":"if","locations":[{"start":{"line":266,"column":6},"end":{"line":270,"column":7}},{"start":{},"end":{}}],"line":266},"20":{"loc":{"start":{"line":273,"column":24},"end":{"line":273,"column":84}},"type":"cond-expr","locations":[{"start":{"line":273,"column":44},"end":{"line":273,"column":79}},{"start":{"line":273,"column":82},"end":{"line":273,"column":84}}],"line":273}},"s":{"0":1,"1":1,"2":1,"3":1,"4":4,"5":4,"6":4,"7":4,"8":4,"9":4,"10":4,"11":4,"12":4,"13":4,"14":4,"15":4,"16":4,"17":8,"18":4,"19":0,"20":4,"21":4,"22":4,"23":1,"24":3,"25":4,"26":3,"27":3,"28":3,"29":1,"30":2,"31":2,"32":0,"33":2,"34":2,"35":0,"36":2,"37":2,"38":2,"39":2,"40":2,"41":2,"42":0,"43":0,"44":0,"45":0,"46":0,"47":0,"48":0,"49":0,"50":0,"51":2,"52":2,"53":0,"54":0,"55":0,"56":0,"57":0,"58":1,"59":2,"60":22,"61":2,"62":2,"63":0,"64":2,"65":2,"66":2,"67":2,"68":2,"69":22,"70":2,"71":0,"72":0,"73":0,"74":2,"75":2,"76":2,"77":2,"78":0,"79":2,"80":2,"81":2,"82":2,"83":2,"84":2,"85":2,"86":0,"87":2,"88":0,"89":1,"90":1,"91":0,"92":0,"93":1,"94":1,"95":1,"96":1,"97":1,"98":6,"99":1,"100":1,"101":1,"102":1,"103":1,"104":1,"105":1,"106":1,"107":0,"108":1},"f":{"0":4,"1":8,"2":4,"3":4,"4":3,"5":4,"6":0,"7":0,"8":2,"9":0,"10":0,"11":0,"12":1,"13":2,"14":22,"15":1,"16":1,"17":0,"18":1},"b":{"0":[0],"1":[0],"2":[0,4],"3":[1,3],"4":[1,2],"5":[0,2],"6":[0,2],"7":[0,0],"8":[0,0],"9":[2,1],"10":[0,0],"11":[0,0],"12":[0,2],"13":[2,20],"14":[0,2],"15":[0,2],"16":[0,2],"17":[0,0],"18":[0],"19":[1,5],"20":[1,0]},"_coverageSchema":"1a1c01bbd47fc00a2c39e90264f33305004495a9","hash":"ce8e30a62b0ff3647a6a11a8bc0901eeafa2406e"}
,"/home/ouma/Development/code/goalkeepers-server/permissions/roleGroups.js": {"path":"/home/ouma/Development/code/goalkeepers-server/permissions/roleGroups.js","statementMap":{"0":{"start":{"line":1,"column":19},"end":{"line":6,"column":1}},"1":{"start":{"line":8,"column":0},"end":{"line":8,"column":28}}},"fnMap":{},"branchMap":{},"s":{"0":1,"1":1},"f":{},"b":{},"_coverageSchema":"1a1c01bbd47fc00a2c39e90264f33305004495a9","hash":"0097aa82303712eeae6ac97b7391ab924314c1c8"}
,"/home/ouma/Development/code/goalkeepers-server/utils/validatePhone.js": {"path":"/home/ouma/Development/code/goalkeepers-server/utils/validatePhone.js","statementMap":{"0":{"start":{"line":1,"column":31},"end":{"line":1,"column":59}},"1":{"start":{"line":4,"column":2},"end":{"line":4,"column":35}},"2":{"start":{"line":7,"column":0},"end":{"line":7,"column":44}}},"fnMap":{"0":{"name":"validateInternationalPhone","decl":{"start":{"line":3,"column":9},"end":{"line":3,"column":35}},"loc":{"start":{"line":3,"column":43},"end":{"line":5,"column":1}},"line":3}},"branchMap":{},"s":{"0":2,"1":12,"2":2},"f":{"0":12},"b":{},"_coverageSchema":"1a1c01bbd47fc00a2c39e90264f33305004495a9","hash":"207e0d895fe675e1df2952e030fcb2d9777e47d8"}
}
