TN:
SF:config/db.js
FN:21,(anonymous_0)
FN:25,(anonymous_1)
FNF:2
FNH:0
FNDA:0,(anonymous_0)
FNDA:0,(anonymous_1)
DA:1,2
DA:2,2
DA:3,2
DA:4,2
DA:7,2
DA:9,2
DA:21,2
DA:22,0
DA:25,2
DA:26,0
DA:27,0
DA:30,2
LF:12
LH:9
BRF:0
BRH:0
end_of_record
TN:
SF:middlewares/role.middleware.js
FN:3,allowRoles
FN:4,(anonymous_1)
FNF:2
FNH:2
FNDA:6,allowRoles
FNDA:6,(anonymous_1)
DA:1,1
DA:4,6
DA:5,6
DA:6,1
DA:9,5
DA:10,5
DA:11,1
DA:14,4
DA:15,2
DA:18,2
DA:22,1
LF:11
LH:11
BRDA:5,0,0,1
BRDA:5,0,1,5
BRDA:5,1,0,6
BRDA:5,1,1,5
BRDA:10,2,0,1
BRDA:10,2,1,4
BRDA:14,3,0,2
BRDA:14,3,1,2
BRF:8
BRH:8
end_of_record
TN:
SF:models/customer.model.js
FN:7,(anonymous_0)
FN:18,(anonymous_1)
FN:22,(anonymous_2)
FN:36,(anonymous_3)
FN:41,(anonymous_4)
FN:45,(anonymous_5)
FN:100,(anonymous_6)
FN:105,(anonymous_7)
FN:111,(anonymous_8)
FN:116,(anonymous_9)
FN:120,(anonymous_10)
FN:128,(anonymous_11)
FN:129,(anonymous_12)
FNF:13
FNH:13
FNDA:9,(anonymous_0)
FNDA:15,(anonymous_1)
FNDA:8,(anonymous_2)
FNDA:7,(anonymous_3)
FNDA:5,(anonymous_4)
FNDA:4,(anonymous_5)
FNDA:1,(anonymous_6)
FNDA:2,(anonymous_7)
FNDA:2,(anonymous_8)
FNDA:2,(anonymous_9)
FNDA:2,(anonymous_10)
FNDA:4,(anonymous_11)
FNDA:20,(anonymous_12)
DA:1,1
DA:2,1
DA:3,1
DA:4,1
DA:8,9
DA:9,9
DA:10,9
DA:11,9
DA:12,9
DA:13,9
DA:14,9
DA:15,9
DA:19,15
DA:23,8
DA:24,2
DA:26,6
DA:37,7
DA:38,7
DA:42,5
DA:46,4
DA:47,4
DA:50,4
DA:51,4
DA:52,1
DA:56,3
DA:57,3
DA:58,3
DA:59,1
DA:63,2
DA:77,2
DA:88,2
DA:89,2
DA:90,1
DA:91,1
DA:93,1
DA:94,1
DA:96,0
DA:101,1
DA:102,1
DA:106,2
DA:107,1
DA:108,1
DA:112,2
DA:113,2
DA:117,2
DA:121,2
DA:125,2
DA:129,4
DA:130,20
DA:133,4
DA:134,4
DA:136,3
DA:144,3
DA:145,3
DA:146,3
DA:148,3
DA:149,15
DA:150,4
DA:151,1
DA:152,1
DA:153,1
DA:155,3
DA:156,3
DA:158,4
DA:162,3
DA:163,1
DA:166,2
DA:167,2
DA:169,2
DA:173,2
DA:175,2
DA:176,2
DA:177,2
DA:178,1
DA:180,1
DA:182,1
DA:187,1
LF:77
LH:76
BRDA:7,0,0,1
BRDA:23,1,0,2
BRDA:23,1,1,6
BRDA:38,2,0,2
BRDA:38,2,1,5
BRDA:51,3,0,1
BRDA:51,3,1,3
BRDA:56,4,0,3
BRDA:56,4,1,0
BRDA:58,5,0,1
BRDA:58,5,1,2
BRDA:93,6,0,1
BRDA:93,6,1,0
BRDA:106,7,0,1
BRDA:106,7,1,1
BRDA:113,8,0,2
BRDA:113,8,1,1
BRDA:125,9,0,2
BRDA:125,9,1,1
BRDA:134,10,0,1
BRDA:134,10,1,3
BRDA:149,11,0,4
BRDA:149,11,1,11
BRDA:150,12,0,1
BRDA:150,12,1,3
BRDA:162,13,0,1
BRDA:162,13,1,2
BRDA:177,14,0,1
BRDA:177,14,1,1
BRF:29
BRH:27
end_of_record
TN:
SF:models/user.model.js
FN:7,(anonymous_0)
FN:35,(anonymous_1)
FN:44,(anonymous_2)
FN:59,(anonymous_3)
FN:64,(anonymous_4)
FN:68,(anonymous_5)
FN:132,(anonymous_6)
FN:138,(anonymous_7)
FN:144,(anonymous_8)
FN:149,(anonymous_9)
FN:153,(anonymous_10)
FN:161,(anonymous_11)
FN:169,(anonymous_12)
FN:173,(anonymous_13)
FN:174,(anonymous_14)
FN:238,(anonymous_15)
FN:242,(anonymous_16)
FN:246,(anonymous_17)
FN:251,(anonymous_18)
FNF:19
FNH:13
FNDA:4,(anonymous_0)
FNDA:8,(anonymous_1)
FNDA:4,(anonymous_2)
FNDA:4,(anonymous_3)
FNDA:3,(anonymous_4)
FNDA:4,(anonymous_5)
FNDA:0,(anonymous_6)
FNDA:0,(anonymous_7)
FNDA:2,(anonymous_8)
FNDA:0,(anonymous_9)
FNDA:0,(anonymous_10)
FNDA:0,(anonymous_11)
FNDA:1,(anonymous_12)
FNDA:2,(anonymous_13)
FNDA:22,(anonymous_14)
FNDA:1,(anonymous_15)
FNDA:1,(anonymous_16)
FNDA:0,(anonymous_17)
FNDA:1,(anonymous_18)
DA:1,1
DA:2,1
DA:3,1
DA:4,1
DA:20,4
DA:21,4
DA:22,4
DA:23,4
DA:24,4
DA:25,4
DA:26,4
DA:27,4
DA:28,4
DA:29,4
DA:30,4
DA:31,4
DA:32,4
DA:36,8
DA:45,4
DA:46,0
DA:48,4
DA:60,4
DA:61,4
DA:65,3
DA:69,4
DA:70,3
DA:72,3
DA:73,3
DA:74,1
DA:77,2
DA:78,2
DA:79,0
DA:82,2
DA:83,2
DA:84,0
DA:87,2
DA:105,2
DA:120,2
DA:121,2
DA:122,2
DA:123,2
DA:125,0
DA:126,0
DA:128,0
DA:133,0
DA:134,0
DA:139,0
DA:140,0
DA:141,0
DA:145,2
DA:146,2
DA:150,0
DA:154,0
DA:158,0
DA:162,0
DA:166,0
DA:170,1
DA:174,2
DA:175,22
DA:178,2
DA:179,2
DA:181,2
DA:195,2
DA:196,2
DA:197,2
DA:199,2
DA:200,22
DA:201,2
DA:202,0
DA:203,0
DA:204,0
DA:206,2
DA:207,2
DA:209,2
DA:213,2
DA:214,0
DA:218,2
DA:219,2
DA:221,2
DA:225,2
DA:227,2
DA:228,2
DA:229,2
DA:230,0
DA:232,2
DA:234,0
DA:239,1
DA:243,1
DA:247,0
DA:248,0
DA:252,1
DA:261,1
DA:262,1
DA:263,1
DA:265,1
DA:266,6
DA:267,1
DA:268,1
DA:269,1
DA:273,1
DA:274,1
DA:276,1
DA:277,1
DA:278,1
DA:280,0
DA:285,1
LF:106
LH:81
BRDA:9,0,0,0
BRDA:18,1,0,0
BRDA:45,2,0,0
BRDA:45,2,1,4
BRDA:61,3,0,1
BRDA:61,3,1,3
BRDA:73,4,0,1
BRDA:73,4,1,2
BRDA:78,5,0,0
BRDA:78,5,1,2
BRDA:83,6,0,0
BRDA:83,6,1,2
BRDA:125,7,0,0
BRDA:125,7,1,0
BRDA:139,8,0,0
BRDA:139,8,1,0
BRDA:146,9,0,2
BRDA:146,9,1,1
BRDA:158,10,0,0
BRDA:158,10,1,0
BRDA:166,11,0,0
BRDA:166,11,1,0
BRDA:179,12,0,0
BRDA:179,12,1,2
BRDA:200,13,0,2
BRDA:200,13,1,20
BRDA:201,14,0,0
BRDA:201,14,1,2
BRDA:213,15,0,0
BRDA:213,15,1,2
BRDA:229,16,0,0
BRDA:229,16,1,2
BRDA:248,17,0,0
BRDA:248,17,1,0
BRDA:251,18,0,0
BRDA:266,19,0,1
BRDA:266,19,1,5
BRDA:273,20,0,1
BRDA:273,20,1,0
BRF:39
BRH:18
end_of_record
TN:
SF:permissions/roleGroups.js
FNF:0
FNH:0
DA:1,1
DA:8,1
LF:2
LH:2
BRF:0
BRH:0
end_of_record
TN:
SF:utils/validatePhone.js
FN:3,validateInternationalPhone
FNF:1
FNH:1
FNDA:12,validateInternationalPhone
DA:1,2
DA:4,12
DA:7,2
LF:3
LH:3
BRF:0
BRH:0
end_of_record
